<?xml version="1.0" encoding="UTF-8"?>
<testsuite xmlns:xsi="http://www.w3.org/2001/XMLSchema-instance" xsi:noNamespaceSchemaLocation="https://maven.apache.org/surefire/maven-surefire-plugin/xsd/surefire-test-report-3.0.xsd" version="3.0" name="laptop.test.TestLaptop2" time="13.313" tests="74" errors="0" skipped="0" failures="0">
  <properties>
[...]
</properties>
  <testcase name="testGetNegoziL" classname="laptop.test.TestLaptop2" time="0.068"/>
  <testcase name="testAggiornaPass" classname="laptop.test.TestLaptop2" time="0.325"/>
  <testcase name="testGetIsValid" classname="laptop.test.TestLaptop2" time="0.003"/>
  <testcase name="testAggiornaTempNome" classname="laptop.test.TestLaptop2" time="0.05"/>
  <testcase name="testGetNrCopie" classname="laptop.test.TestLaptop2" time="0.007"/>
  <testcase name="testGetEsito" classname="laptop.test.TestLaptop2" time="0.003"/>
  <testcase name="testGetNomeN" classname="laptop.test.TestLaptop2" time="0.012"/>
  <testcase name="testGetCredenziali" classname="laptop.test.TestLaptop2" time="0.1"/>
  <testcase name="testGetEditore" classname="laptop.test.TestLaptop2" time="0.001"/>
  <testcase name="testGetIdOggetto" classname="laptop.test.TestLaptop2" time="0.002"/>
  <testcase name="testAggiungiCartaDBG" classname="laptop.test.TestLaptop2" time="0.486"/>
  <testcase name="testAggiungiCartaDBL" classname="laptop.test.TestLaptop2" time="0.737"/>
  <testcase name="testAggiungiCartaDBR" classname="laptop.test.TestLaptop2" time="0.403"/>
  <testcase name="testGetEditoreL" classname="laptop.test.TestLaptop2" time="0.002"/>
  <testcase name="testCancellaUtente" classname="laptop.test.TestLaptop2" time="1.019"/>
  <testcase name="testGetId" classname="laptop.test.TestLaptop2" time="0.001"/>
  <testcase name="testRetId" classname="laptop.test.TestLaptop2" time="0.31"/>
  <testcase name="testCreateUser2" classname="laptop.test.TestLaptop2" time="0.654"/>
  <testcase name="testGetDataPubb" classname="laptop.test.TestLaptop2" time="0.004"/>
  <testcase name="testControllaPag" classname="laptop.test.TestLaptop2" time="0.002"/>
  <testcase name="testGetDisponibilita" classname="laptop.test.TestLaptop2" time="0.002"/>
  <testcase name="testGetDati" classname="laptop.test.TestLaptop2" time="0.043"/>
  <testcase name="testGetDesc" classname="laptop.test.TestLaptop2" time="0.002"/>
  <testcase name="testGetDisp" classname="laptop.test.TestLaptop2" time="0.042"/>
  <testcase name="testGetNome" classname="laptop.test.TestLaptop2" time="0.002"/>
  <testcase name="testGetTipo" classname="laptop.test.TestLaptop2" time="0.003"/>
  <testcase name="testGetViaN" classname="laptop.test.TestLaptop2" time="0.002"/>
  <testcase name="testDeleteTempUser" classname="laptop.test.TestLaptop2" time="0.055"/>
  <testcase name="testGetAmmontare" classname="laptop.test.TestLaptop2" time="0.002"/>
  <testcase name="testGetTipologia" classname="laptop.test.TestLaptop2" time="0.002"/>
  <testcase name="testSetRicercaG" classname="laptop.test.TestLaptop2" time="0.002"/>
  <testcase name="testSetRicercaL" classname="laptop.test.TestLaptop2" time="0.002"/>
  <testcase name="testSetRicercaR" classname="laptop.test.TestLaptop2" time="0.003"/>
  <testcase name="testMaxIdUSer" classname="laptop.test.TestLaptop2" time="0.042"/>
  <testcase name="testGetNumeroPagine" classname="laptop.test.TestLaptop2" time="0.003"/>
  <testcase name="testGetAmmontareP" classname="laptop.test.TestLaptop2" time="0.002"/>
  <testcase name="testGetPrezzoL" classname="laptop.test.TestLaptop2" time="0.002"/>
  <testcase name="testRegistra" classname="laptop.test.TestLaptop2" time="0.327"/>
  <testcase name="testFindUser" classname="laptop.test.TestLaptop2" time="0.002"/>
  <testcase name="testCheckRitiro" classname="laptop.test.TestLaptop2" time="0.143"/>
  <testcase name="testGeneraReportLibri" classname="laptop.test.TestLaptop2" time="0.084"/>
  <testcase name="testIsLoggedF" classname="laptop.test.TestLaptop2" time="0.002"/>
  <testcase name="testIsLoggedT" classname="laptop.test.TestLaptop2" time="0.002"/>
  <testcase name="testGetLinguaL" classname="laptop.test.TestLaptop2" time="0.002"/>
  <testcase name="testGetDataPubbL" classname="laptop.test.TestLaptop2" time="0.002"/>
  <testcase name="testGetAutore" classname="laptop.test.TestLaptop2" time="0.002"/>
  <testcase name="testCheckOpen" classname="laptop.test.TestLaptop2" time="0.065"/>
  <testcase name="testGetDisponibilitLa" classname="laptop.test.TestLaptop2" time="0.001"/>
  <testcase name="testGetCopieRimanenti" classname="laptop.test.TestLaptop2" time="0.001"/>
  <testcase name="testGetIsOpen" classname="laptop.test.TestLaptop2" time="0.002"/>
  <testcase name="testGetLingua" classname="laptop.test.TestLaptop2" time="0.001"/>
  <testcase name="testGetCodIsbn" classname="laptop.test.TestLaptop2" time="0.001"/>
  <testcase name="testGetCognome" classname="laptop.test.TestLaptop2" time="0.002"/>
  <testcase name="testGetMetodo" classname="laptop.test.TestLaptop2" time="0.001"/>
  <testcase name="testGetNegozi" classname="laptop.test.TestLaptop2" time="0.033"/>
  <testcase name="testGetNumero" classname="laptop.test.TestLaptop2" time="0.001"/>
  <testcase name="testGetCom" classname="laptop.test.TestLaptop2" time="0.003"/>
  <testcase name="testGetIdP" classname="laptop.test.TestLaptop2" time="0.002"/>
  <testcase name="testGetVia" classname="laptop.test.TestLaptop2" time="0.001"/>
  <testcase name="testGetNomeUtente" classname="laptop.test.TestLaptop2" time="0.001"/>
  <testcase name="testGetPrezzo" classname="laptop.test.TestLaptop2" time="0.001"/>
  <testcase name="testGetTitolo" classname="laptop.test.TestLaptop2" time="0.001"/>
  <testcase name="testPagamentoCCG" classname="laptop.test.TestLaptop2" time="0.549"/>
  <testcase name="testPagamentoCCL" classname="laptop.test.TestLaptop2" time="0.376"/>
  <testcase name="testPagamentoCCR" classname="laptop.test.TestLaptop2" time="0.596"/>
  <testcase name="testGetUtenti" classname="laptop.test.TestLaptop2" time="0.102"/>
  <testcase name="testGeneraReportGiornali" classname="laptop.test.TestLaptop2" time="0.067"/>
  <testcase name="testCreateRaccoltaFinaleCompletaG" classname="laptop.test.TestLaptop2" time="0.003"/>
  <testcase name="testCreateRaccoltaFinaleCompletaL" classname="laptop.test.TestLaptop2" time="0.003"/>
  <testcase name="testCreateRaccoltaFinaleCompletaR" classname="laptop.test.TestLaptop2" time="0.003"/>
  <testcase name="testGeneraReportRiviste" classname="laptop.test.TestLaptop2" time="0.067"/>
  <testcase name="testGetRecensione" classname="laptop.test.TestLaptop2" time="0.002"/>
  <testcase name="testTornaDalDb" classname="laptop.test.TestLaptop2" time="0.079"/>
  <testcase name="testRitornaElencoCC" classname="laptop.test.TestLaptop2" time="0.044"/>
</testsuite>